<?xml version="1.0" encoding="UTF-8"?>
<coverage generated="1686777246385" clover="3.2.0">
  <project timestamp="1686777246385" name="All files">
    <metrics statements="14" coveredstatements="9" conditionals="2" coveredconditionals="1" methods="6" coveredmethods="2" elements="22" coveredelements="12" complexity="0" loc="14" ncloc="14" packages="2" files="2" classes="2"/>
    <package name="test">
      <metrics statements="6" coveredstatements="2" conditionals="2" coveredconditionals="1" methods="1" coveredmethods="1"/>
      <file name="addNewTask.js" path="D:\VScode Projects\to-do-list\src\test\addNewTask.js">
        <metrics statements="6" coveredstatements="2" conditionals="2" coveredconditionals="1" methods="1" coveredmethods="1"/>
        <line num="8" count="1" type="stmt"/>
        <line num="9" count="1" type="cond" truecount="1" falsecount="1"/>
        <line num="11" count="0" type="stmt"/>
        <line num="17" count="0" type="stmt"/>
        <line num="18" count="0" type="stmt"/>
        <line num="19" count="0" type="stmt"/>
      </file>
    </package>
    <package name="test.__mock__">
      <metrics statements="8" coveredstatements="7" conditionals="0" coveredconditionals="0" methods="5" coveredmethods="1"/>
      <file name="mockingFunctions.js" path="D:\VScode Projects\to-do-list\src\test\__mock__\mockingFunctions.js">
        <metrics statements="8" coveredstatements="7" conditionals="0" coveredconditionals="0" methods="5" coveredmethods="1"/>
        <line num="1" count="1" type="stmt"/>
        <line num="3" count="1" type="stmt"/>
        <line num="4" count="1" type="stmt"/>
        <line num="5" count="1" type="stmt"/>
        <line num="7" count="1" type="stmt"/>
        <line num="8" count="0" type="stmt"/>
        <line num="11" count="1" type="stmt"/>
        <line num="12" count="1" type="stmt"/>
      </file>
    </package>
  </project>
</coverage>
