{"D:\\VScode Projects\\to-do-list\\src\\test\\addNewTask.js": {"path":"D:\\VScode Projects\\to-do-list\\src\\test\\addNewTask.js","statementMap":{"0":{"start":{"line":8,"column":19},"end":{"line":20,"column":1}},"1":{"start":{"line":9,"column":17},"end":{"line":9,"column":69}},"2":{"start":{"line":11,"column":18},"end":{"line":15,"column":3}},"3":{"start":{"line":17,"column":2},"end":{"line":17,"column":38}},"4":{"start":{"line":18,"column":2},"end":{"line":18,"column":31}},"5":{"start":{"line":19,"column":2},"end":{"line":19,"column":67}}},"fnMap":{"0":{"name":"(anonymous_0)","decl":{"start":{"line":8,"column":19},"end":{"line":8,"column":20}},"loc":{"start":{"line":8,"column":28},"end":{"line":20,"column":1}},"line":8}},"branchMap":{"0":{"loc":{"start":{"line":9,"column":17},"end":{"line":9,"column":69}},"type":"binary-expr","locations":[{"start":{"line":9,"column":17},"end":{"line":9,"column":63}},{"start":{"line":9,"column":67},"end":{"line":9,"column":69}}],"line":9}},"s":{"0":1,"1":1,"2":0,"3":0,"4":0,"5":0},"f":{"0":1},"b":{"0":[1,0]},"_coverageSchema":"1a1c01bbd47fc00a2c39e90264f33305004495a9","hash":"70c45e6aaa64e2be3c483490f83c8ff27dbee3d3"}
,"D:\\VScode Projects\\to-do-list\\src\\test\\__mock__\\mockingFunctions.js": {"path":"D:\\VScode Projects\\to-do-list\\src\\test\\__mock__\\mockingFunctions.js","statementMap":{"0":{"start":{"line":1,"column":19},"end":{"line":1,"column":21}},"1":{"start":{"line":3,"column":15},"end":{"line":3,"column":23}},"2":{"start":{"line":4,"column":18},"end":{"line":4,"column":26}},"3":{"start":{"line":5,"column":20},"end":{"line":5,"column":28}},"4":{"start":{"line":7,"column":27},"end":{"line":9,"column":1}},"5":{"start":{"line":8,"column":2},"end":{"line":8,"column":55}},"6":{"start":{"line":11,"column":16},"end":{"line":13,"column":1}},"7":{"start":{"line":12,"column":4},"end":{"line":12,"column":18}}},"fnMap":{"0":{"name":"(anonymous_0)","decl":{"start":{"line":3,"column":15},"end":{"line":3,"column":16}},"loc":{"start":{"line":3,"column":21},"end":{"line":3,"column":23}},"line":3},"1":{"name":"(anonymous_1)","decl":{"start":{"line":4,"column":18},"end":{"line":4,"column":19}},"loc":{"start":{"line":4,"column":24},"end":{"line":4,"column":26}},"line":4},"2":{"name":"(anonymous_2)","decl":{"start":{"line":5,"column":20},"end":{"line":5,"column":21}},"loc":{"start":{"line":5,"column":26},"end":{"line":5,"column":28}},"line":5},"3":{"name":"(anonymous_3)","decl":{"start":{"line":7,"column":27},"end":{"line":7,"column":28}},"loc":{"start":{"line":7,"column":41},"end":{"line":9,"column":1}},"line":7},"4":{"name":"(anonymous_4)","decl":{"start":{"line":11,"column":16},"end":{"line":11,"column":17}},"loc":{"start":{"line":11,"column":28},"end":{"line":13,"column":1}},"line":11}},"branchMap":{},"s":{"0":1,"1":1,"2":1,"3":1,"4":1,"5":0,"6":1,"7":1},"f":{"0":0,"1":0,"2":0,"3":0,"4":1},"b":{},"_coverageSchema":"1a1c01bbd47fc00a2c39e90264f33305004495a9","hash":"95fd561dd8b140ff09000894474d04afd95e9cef"}
}
